Started by user [8mha:////4C5RC6GcucULwz4N/QzWgrClNOpRiryNZc2cjL8mZwQEAAAAlR+LCAAAAAAAAP9b85aBtbiIQTGjNKU4P08vOT+vOD8nVc83PyU1x6OyILUoJzMv2y+/JJUBAhiZGBgqihhk0NSjKDWzXb3RdlLBUSYGJk8GtpzUvPSSDB8G5tKinBIGIZ+sxLJE/ZzEvHT94JKizLx0a6BxUmjGOUNodHsLgAy+EgZO/dLi1CL9/KJMAFtjI72+AAAA[0mori rothschild
Running as SYSTEM
Building in workspace /var/jenkins_home/workspace/maven-job
using credential git_user
 > git rev-parse --is-inside-work-tree # timeout=10
Fetching changes from the remote Git repository
 > git config remote.origin.url http://git:80/jenkins/maven-project.git # timeout=10
Fetching upstream changes from http://git:80/jenkins/maven-project.git
 > git --version # timeout=10
using GIT_ASKPASS to set credentials 
 > git fetch --tags --progress -- http://git:80/jenkins/maven-project.git +refs/heads/*:refs/remotes/origin/*
ERROR: Error fetching remote repo 'origin'
hudson.plugins.git.GitException: Failed to fetch from http://git:80/jenkins/maven-project.git
	at hudson.plugins.git.GitSCM.fetchFrom(GitSCM.java:894)
	at hudson.plugins.git.GitSCM.retrieveChanges(GitSCM.java:1161)
	at hudson.plugins.git.GitSCM.checkout(GitSCM.java:1192)
	at hudson.scm.SCM.checkout(SCM.java:504)
	at hudson.model.AbstractProject.checkout(AbstractProject.java:1204)
	at hudson.model.AbstractBuild$AbstractBuildExecution.defaultCheckout(AbstractBuild.java:574)
	at jenkins.scm.SCMCheckoutStrategy.checkout(SCMCheckoutStrategy.java:86)
	at hudson.model.AbstractBuild$AbstractBuildExecution.run(AbstractBuild.java:499)
	at hudson.model.Run.execute(Run.java:1853)
	at hudson.model.FreeStyleBuild.run(FreeStyleBuild.java:43)
	at hudson.model.ResourceController.execute(ResourceController.java:97)
	at hudson.model.Executor.run(Executor.java:427)
Caused by: hudson.plugins.git.GitException: Command "git fetch --tags --progress -- http://git:80/jenkins/maven-project.git +refs/heads/*:refs/remotes/origin/*" returned status code 128:
stdout: 
stderr: remote: HTTP Basic: Access denied
fatal: Authentication failed for 'http://git:80/jenkins/maven-project.git/'

	at org.jenkinsci.plugins.gitclient.CliGitAPIImpl.launchCommandIn(CliGitAPIImpl.java:2174)
	at org.jenkinsci.plugins.gitclient.CliGitAPIImpl.launchCommandWithCredentials(CliGitAPIImpl.java:1866)
	at org.jenkinsci.plugins.gitclient.CliGitAPIImpl.access$500(CliGitAPIImpl.java:78)
	at org.jenkinsci.plugins.gitclient.CliGitAPIImpl$1.execute(CliGitAPIImpl.java:547)
	at hudson.plugins.git.GitSCM.fetchFrom(GitSCM.java:892)
	... 11 more
ERROR: Error fetching remote repo 'origin'
Skipped archiving because build is not successful
Recording test results
ERROR: Step â€˜Publish JUnit test result reportâ€™ failed: Test reports were found but none of them are new. Did leafNodes run? 
For example, /var/jenkins_home/workspace/maven-job/target/surefire-reports/TEST-com.mycompany.app.AppTest.xml is 5 days 15 hr old

Sending e-mails to: orir@dts-4u.com
ERROR: 554 Message rejected: Email address is not verified. The following identities failed the check in region EU-WEST-1: orir@dts-4u.com

com.sun.mail.smtp.SMTPSendFailedException: 554 Message rejected: Email address is not verified. The following identities failed the check in region EU-WEST-1: orir@dts-4u.com

	at com.sun.mail.smtp.SMTPTransport.issueSendCommand(SMTPTransport.java:2057)
	at com.sun.mail.smtp.SMTPTransport.finishData(SMTPTransport.java:1862)
	at com.sun.mail.smtp.SMTPTransport.sendMessage(SMTPTransport.java:1100)
	at javax.mail.Transport.send0(Transport.java:195)
	at javax.mail.Transport.send(Transport.java:124)
	at hudson.tasks.MailSender.run(MailSender.java:130)
	at hudson.tasks.Mailer.perform(Mailer.java:175)
	at hudson.tasks.Mailer.perform(Mailer.java:138)
	at hudson.tasks.BuildStepMonitor$1.perform(BuildStepMonitor.java:20)
	at hudson.model.AbstractBuild$AbstractBuildExecution.perform(AbstractBuild.java:741)
	at hudson.model.AbstractBuild$AbstractBuildExecution.performAllBuildSteps(AbstractBuild.java:690)
	at hudson.model.Build$BuildExecution.post2(Build.java:186)
	at hudson.model.AbstractBuild$AbstractBuildExecution.post(AbstractBuild.java:635)
	at hudson.model.Run.execute(Run.java:1878)
	at hudson.model.FreeStyleBuild.run(FreeStyleBuild.java:43)
	at hudson.model.ResourceController.execute(ResourceController.java:97)
	at hudson.model.Executor.run(Executor.java:427)
Finished: FAILURE
