Started by timer
Running as SYSTEM
Building in workspace /var/jenkins_home/workspace/job_dsl_example
No credentials specified
 > git rev-parse --is-inside-work-tree # timeout=10
Fetching changes from the remote Git repository
 > git config remote.origin.url https://github.com/jenkins-docs/simple-java-maven-app # timeout=10
Fetching upstream changes from https://github.com/jenkins-docs/simple-java-maven-app
 > git --version # timeout=10
 > git fetch --tags --progress -- https://github.com/jenkins-docs/simple-java-maven-app +refs/heads/*:refs/remotes/origin/*
 > git rev-parse origin/master^{commit} # timeout=10
Checking out Revision 0d85b7e1fd39bc6978511f92381aa10534ca4c1b (origin/master)
 > git config core.sparsecheckout # timeout=10
 > git checkout -f 0d85b7e1fd39bc6978511f92381aa10534ca4c1b
Commit message: "Amend README.md"
 > git rev-list --no-walk 0d85b7e1fd39bc6978511f92381aa10534ca4c1b # timeout=10
 > git tag -a -f -m Jenkins Build #4 jenkins-job_dsl_example-4 # timeout=10
FATAL: Could not apply tag jenkins-job_dsl_example-4
hudson.plugins.git.GitException: Command "git tag -a -f -m Jenkins Build #4 jenkins-job_dsl_example-4" returned status code 128:
stdout: 
stderr: 
*** Please tell me who you are.

Run

  git config --global user.email "you@example.com"
  git config --global user.name "Your Name"

to set your account's default identity.
Omit --global to set the identity only in this repository.

fatal: empty ident name (for <(null)>) not allowed

	at org.jenkinsci.plugins.gitclient.CliGitAPIImpl.launchCommandIn(CliGitAPIImpl.java:2174)
	at org.jenkinsci.plugins.gitclient.CliGitAPIImpl.launchCommandIn(CliGitAPIImpl.java:2142)
	at org.jenkinsci.plugins.gitclient.CliGitAPIImpl.launchCommandIn(CliGitAPIImpl.java:2138)
	at org.jenkinsci.plugins.gitclient.CliGitAPIImpl.launchCommand(CliGitAPIImpl.java:1743)
	at org.jenkinsci.plugins.gitclient.CliGitAPIImpl.launchCommand(CliGitAPIImpl.java:1755)
	at org.jenkinsci.plugins.gitclient.CliGitAPIImpl.tag(CliGitAPIImpl.java:1634)
Caused: hudson.plugins.git.GitException: Could not apply tag jenkins-job_dsl_example-4
	at org.jenkinsci.plugins.gitclient.CliGitAPIImpl.tag(CliGitAPIImpl.java:1636)
	at hudson.plugins.git.GitAPI.tag(GitAPI.java:274)
	at hudson.plugins.git.extensions.impl.PerBuildTag.onCheckoutCompleted(PerBuildTag.java:30)
	at hudson.plugins.git.GitSCM.checkout(GitSCM.java:1270)
	at hudson.scm.SCM.checkout(SCM.java:504)
	at hudson.model.AbstractProject.checkout(AbstractProject.java:1204)
	at hudson.model.AbstractBuild$AbstractBuildExecution.defaultCheckout(AbstractBuild.java:574)
	at jenkins.scm.SCMCheckoutStrategy.checkout(SCMCheckoutStrategy.java:86)
	at hudson.model.AbstractBuild$AbstractBuildExecution.run(AbstractBuild.java:499)
	at hudson.model.Run.execute(Run.java:1853)
	at hudson.model.FreeStyleBuild.run(FreeStyleBuild.java:43)
	at hudson.model.ResourceController.execute(ResourceController.java:97)
	at hudson.model.Executor.run(Executor.java:427)
Sending e-mails to: orir@dts-4u.com
ERROR: 554 Message rejected: Email address is not verified. The following identities failed the check in region EU-WEST-1: orir@dts-4u.com

com.sun.mail.smtp.SMTPSendFailedException: 554 Message rejected: Email address is not verified. The following identities failed the check in region EU-WEST-1: orir@dts-4u.com

	at com.sun.mail.smtp.SMTPTransport.issueSendCommand(SMTPTransport.java:2057)
	at com.sun.mail.smtp.SMTPTransport.finishData(SMTPTransport.java:1862)
	at com.sun.mail.smtp.SMTPTransport.sendMessage(SMTPTransport.java:1100)
	at javax.mail.Transport.send0(Transport.java:195)
	at javax.mail.Transport.send(Transport.java:124)
	at hudson.tasks.MailSender.run(MailSender.java:130)
	at hudson.tasks.Mailer.perform(Mailer.java:175)
	at hudson.tasks.Mailer.perform(Mailer.java:138)
	at hudson.tasks.BuildStepMonitor$1.perform(BuildStepMonitor.java:20)
	at hudson.model.AbstractBuild$AbstractBuildExecution.perform(AbstractBuild.java:741)
	at hudson.model.AbstractBuild$AbstractBuildExecution.performAllBuildSteps(AbstractBuild.java:690)
	at hudson.model.Build$BuildExecution.post2(Build.java:186)
	at hudson.model.AbstractBuild$AbstractBuildExecution.post(AbstractBuild.java:635)
	at hudson.model.Run.execute(Run.java:1878)
	at hudson.model.FreeStyleBuild.run(FreeStyleBuild.java:43)
	at hudson.model.ResourceController.execute(ResourceController.java:97)
	at hudson.model.Executor.run(Executor.java:427)
Finished: FAILURE
